No pyvenv.cfg file
No pyvenv.cfg file
No pyvenv.cfg file
No pyvenv.cfg file
No pyvenv.cfg file
No pyvenv.cfg file
No pyvenv.cfg file
No pyvenv.cfg file
No pyvenv.cfg file
No pyvenv.cfg file
No pyvenv.cfg file
No pyvenv.cfg file
No pyvenv.cfg file
No pyvenv.cfg file
No pyvenv.cfg file
No pyvenv.cfg file
No pyvenv.cfg file
No pyvenv.cfg file
No pyvenv.cfg file
No pyvenv.cfg file
No pyvenv.cfg file
No pyvenv.cfg file
No pyvenv.cfg file
No pyvenv.cfg file
No pyvenv.cfg file
No pyvenv.cfg file
No pyvenv.cfg file
No pyvenv.cfg file
No pyvenv.cfg file
No pyvenv.cfg file
No pyvenv.cfg file
No pyvenv.cfg file
No pyvenv.cfg file
No pyvenv.cfg file
No pyvenv.cfg file
No pyvenv.cfg file
No pyvenv.cfg file
No pyvenv.cfg file
No pyvenv.cfg file
No pyvenv.cfg file
No pyvenv.cfg file
No pyvenv.cfg file
No pyvenv.cfg file
No pyvenv.cfg file
No pyvenv.cfg file
No pyvenv.cfg file
No pyvenv.cfg file
No pyvenv.cfg file
No pyvenv.cfg file
No pyvenv.cfg file
No pyvenv.cfg file
No pyvenv.cfg file
No pyvenv.cfg file
No pyvenv.cfg file
No pyvenv.cfg file
No pyvenv.cfg file
No pyvenv.cfg file
No pyvenv.cfg file
No pyvenv.cfg file
No pyvenv.cfg file
No pyvenv.cfg file
No pyvenv.cfg file
No pyvenv.cfg file
No pyvenv.cfg file
No pyvenv.cfg file
No pyvenv.cfg file
No pyvenv.cfg file
No pyvenv.cfg file
No pyvenv.cfg file
No pyvenv.cfg file
No pyvenv.cfg file
No pyvenv.cfg file
No pyvenv.cfg file
No pyvenv.cfg file
No pyvenv.cfg file
No pyvenv.cfg file
No pyvenv.cfg file
No pyvenv.cfg file
No pyvenv.cfg file
No pyvenv.cfg file
No pyvenv.cfg file
No pyvenv.cfg file
No pyvenv.cfg file
No pyvenv.cfg file
No pyvenv.cfg file
No pyvenv.cfg file
No pyvenv.cfg file
No pyvenv.cfg file
No pyvenv.cfg file
No pyvenv.cfg file
No pyvenv.cfg file
No pyvenv.cfg file
No pyvenv.cfg file
No pyvenv.cfg file
No pyvenv.cfg file
No pyvenv.cfg file
No pyvenv.cfg file
No pyvenv.cfg file
No pyvenv.cfg file
No pyvenv.cfg file
No pyvenv.cfg file
No pyvenv.cfg file
No pyvenv.cfg file
No pyvenv.cfg file
No pyvenv.cfg file
No pyvenv.cfg file
No pyvenv.cfg file
No pyvenv.cfg file
No pyvenv.cfg file
No pyvenv.cfg file
No pyvenv.cfg file
No pyvenv.cfg file
No pyvenv.cfg file
No pyvenv.cfg file
No pyvenv.cfg file
No pyvenv.cfg file
No pyvenv.cfg file
No pyvenv.cfg file
No pyvenv.cfg file
No pyvenv.cfg file
No pyvenv.cfg file
No pyvenv.cfg file
No pyvenv.cfg file
No pyvenv.cfg file
No pyvenv.cfg file
No pyvenv.cfg file
No pyvenv.cfg file
No pyvenv.cfg file
No pyvenv.cfg file
No pyvenv.cfg file
No pyvenv.cfg file
No pyvenv.cfg file
No pyvenv.cfg file
No pyvenv.cfg file
No pyvenv.cfg file
No pyvenv.cfg file
No pyvenv.cfg file
No pyvenv.cfg file
No pyvenv.cfg file
No pyvenv.cfg file
No pyvenv.cfg file
No pyvenv.cfg file
No pyvenv.cfg file
No pyvenv.cfg file
No pyvenv.cfg file
No pyvenv.cfg file
No pyvenv.cfg file
No pyvenv.cfg file
No pyvenv.cfg file
No pyvenv.cfg file
No pyvenv.cfg file
No pyvenv.cfg file
No pyvenv.cfg file
No pyvenv.cfg file
No pyvenv.cfg file
No pyvenv.cfg file
No pyvenv.cfg file
No pyvenv.cfg file
No pyvenv.cfg file
No pyvenv.cfg file
No pyvenv.cfg file
No pyvenv.cfg file
No pyvenv.cfg file
No pyvenv.cfg file
No pyvenv.cfg file
No pyvenv.cfg file
No pyvenv.cfg file
No pyvenv.cfg file
No pyvenv.cfg file
No pyvenv.cfg file
No pyvenv.cfg file
No pyvenv.cfg file
No pyvenv.cfg file
No pyvenv.cfg file
No pyvenv.cfg file
No pyvenv.cfg file
No pyvenv.cfg file
No pyvenv.cfg file
No pyvenv.cfg file
No pyvenv.cfg file
No pyvenv.cfg file
No pyvenv.cfg file
No pyvenv.cfg file
No pyvenv.cfg file
No pyvenv.cfg file
No pyvenv.cfg file
No pyvenv.cfg file
No pyvenv.cfg file
No pyvenv.cfg file
No pyvenv.cfg file
No pyvenv.cfg file
No pyvenv.cfg file
No pyvenv.cfg file
No pyvenv.cfg file
No pyvenv.cfg file
No pyvenv.cfg file
No pyvenv.cfg file
No pyvenv.cfg file
No pyvenv.cfg file
No pyvenv.cfg file
No pyvenv.cfg file
No pyvenv.cfg file
No pyvenv.cfg file
No pyvenv.cfg file
No pyvenv.cfg file
No pyvenv.cfg file
No pyvenv.cfg file
No pyvenv.cfg file
No pyvenv.cfg file
No pyvenv.cfg file
No pyvenv.cfg file
No pyvenv.cfg file
No pyvenv.cfg file
No pyvenv.cfg file
No pyvenv.cfg file
No pyvenv.cfg file
No pyvenv.cfg file
No pyvenv.cfg file
No pyvenv.cfg file
No pyvenv.cfg file
No pyvenv.cfg file
No pyvenv.cfg file
No pyvenv.cfg file
No pyvenv.cfg file
No pyvenv.cfg file
No pyvenv.cfg file
No pyvenv.cfg file
No pyvenv.cfg file
No pyvenv.cfg file
No pyvenv.cfg file
No pyvenv.cfg file
No pyvenv.cfg file
No pyvenv.cfg file
No pyvenv.cfg file
No pyvenv.cfg file
No pyvenv.cfg file
No pyvenv.cfg file
No pyvenv.cfg file
No pyvenv.cfg file
No pyvenv.cfg file
No pyvenv.cfg file
No pyvenv.cfg file
No pyvenv.cfg file
No pyvenv.cfg file
No pyvenv.cfg file
No pyvenv.cfg file
No pyvenv.cfg file
No pyvenv.cfg file
No pyvenv.cfg file
No pyvenv.cfg file
No pyvenv.cfg file
No pyvenv.cfg file
No pyvenv.cfg file
No pyvenv.cfg file
No pyvenv.cfg file
No pyvenv.cfg file
No pyvenv.cfg file
No pyvenv.cfg file
No pyvenv.cfg file
No pyvenv.cfg file
No pyvenv.cfg file
No pyvenv.cfg file
No pyvenv.cfg file
No pyvenv.cfg file
No pyvenv.cfg file
No pyvenv.cfg file
No pyvenv.cfg file
No pyvenv.cfg file
No pyvenv.cfg file
No pyvenv.cfg file
No pyvenv.cfg file
No pyvenv.cfg file
No pyvenv.cfg file
No pyvenv.cfg file
No pyvenv.cfg file
No pyvenv.cfg file
No pyvenv.cfg file
No pyvenv.cfg file
No pyvenv.cfg file
No pyvenv.cfg file
No pyvenv.cfg file
No pyvenv.cfg file
No pyvenv.cfg file
No pyvenv.cfg file
No pyvenv.cfg file
No pyvenv.cfg file
No pyvenv.cfg file
No pyvenv.cfg file
No pyvenv.cfg file
No pyvenv.cfg file
No pyvenv.cfg file
No pyvenv.cfg file
No pyvenv.cfg file
No pyvenv.cfg file
No pyvenv.cfg file
No pyvenv.cfg file
No pyvenv.cfg file
No pyvenv.cfg file
No pyvenv.cfg file
No pyvenv.cfg file
No pyvenv.cfg file
No pyvenv.cfg file
No pyvenv.cfg file
No pyvenv.cfg file
No pyvenv.cfg file
No pyvenv.cfg file
No pyvenv.cfg file
No pyvenv.cfg file
No pyvenv.cfg file
No pyvenv.cfg file
No pyvenv.cfg file
No pyvenv.cfg file
No pyvenv.cfg file
No pyvenv.cfg file
No pyvenv.cfg file
No pyvenv.cfg file
No pyvenv.cfg file
No pyvenv.cfg file
No pyvenv.cfg file
No pyvenv.cfg file
No pyvenv.cfg file
No pyvenv.cfg file
No pyvenv.cfg file
No pyvenv.cfg file
No pyvenv.cfg file
No pyvenv.cfg file
No pyvenv.cfg file
No pyvenv.cfg file
No pyvenv.cfg file
No pyvenv.cfg file
No pyvenv.cfg file
No pyvenv.cfg file
No pyvenv.cfg file
No pyvenv.cfg file
No pyvenv.cfg file
No pyvenv.cfg file
No pyvenv.cfg file
No pyvenv.cfg file
No pyvenv.cfg file
No pyvenv.cfg file
No pyvenv.cfg file
No pyvenv.cfg file
No pyvenv.cfg file
No pyvenv.cfg file
No pyvenv.cfg file
No pyvenv.cfg file
No pyvenv.cfg file
No pyvenv.cfg file
No pyvenv.cfg file
No pyvenv.cfg file
No pyvenv.cfg file
No pyvenv.cfg file
No pyvenv.cfg file
No pyvenv.cfg file
No pyvenv.cfg file
No pyvenv.cfg file
No pyvenv.cfg file
No pyvenv.cfg file
No pyvenv.cfg file
No pyvenv.cfg file
No pyvenv.cfg file
No pyvenv.cfg file
No pyvenv.cfg file
No pyvenv.cfg file
No pyvenv.cfg file
No pyvenv.cfg file
No pyvenv.cfg file
No pyvenv.cfg file
No pyvenv.cfg file
No pyvenv.cfg file
No pyvenv.cfg file
No pyvenv.cfg file
No pyvenv.cfg file
No pyvenv.cfg file
No pyvenv.cfg file
No pyvenv.cfg file
No pyvenv.cfg file
No pyvenv.cfg file
No pyvenv.cfg file
No pyvenv.cfg file
No pyvenv.cfg file
No pyvenv.cfg file
No pyvenv.cfg file
No pyvenv.cfg file
No pyvenv.cfg file
No pyvenv.cfg file
No pyvenv.cfg file
No pyvenv.cfg file
No pyvenv.cfg file
No pyvenv.cfg file
No pyvenv.cfg file
No pyvenv.cfg file
No pyvenv.cfg file
No pyvenv.cfg file
No pyvenv.cfg file
No pyvenv.cfg file
No pyvenv.cfg file
No pyvenv.cfg file
No pyvenv.cfg file
No pyvenv.cfg file
No pyvenv.cfg file
No pyvenv.cfg file
No pyvenv.cfg file
No pyvenv.cfg file
No pyvenv.cfg file
No pyvenv.cfg file
No pyvenv.cfg file
No pyvenv.cfg file
No pyvenv.cfg file
No pyvenv.cfg file
No pyvenv.cfg file
No pyvenv.cfg file
No pyvenv.cfg file
No pyvenv.cfg file
No pyvenv.cfg file
No pyvenv.cfg file
No pyvenv.cfg file
No pyvenv.cfg file
No pyvenv.cfg file
No pyvenv.cfg file
No pyvenv.cfg file
No pyvenv.cfg file
No pyvenv.cfg file
No pyvenv.cfg file
No pyvenv.cfg file
No pyvenv.cfg file
No pyvenv.cfg file
No pyvenv.cfg file
No pyvenv.cfg file
No pyvenv.cfg file
No pyvenv.cfg file
No pyvenv.cfg file
No pyvenv.cfg file
No pyvenv.cfg file
No pyvenv.cfg file
No pyvenv.cfg file
No pyvenv.cfg file
No pyvenv.cfg file
No pyvenv.cfg file
No pyvenv.cfg file
No pyvenv.cfg file
No pyvenv.cfg file
No pyvenv.cfg file
No pyvenv.cfg file
No pyvenv.cfg file
No pyvenv.cfg file
No pyvenv.cfg file
No pyvenv.cfg file
No pyvenv.cfg file
No pyvenv.cfg file
No pyvenv.cfg file
No pyvenv.cfg file
No pyvenv.cfg file
No pyvenv.cfg file
No pyvenv.cfg file
No pyvenv.cfg file
No pyvenv.cfg file
No pyvenv.cfg file
No pyvenv.cfg file
No pyvenv.cfg file
No pyvenv.cfg file
No pyvenv.cfg file
No pyvenv.cfg file
No pyvenv.cfg file
No pyvenv.cfg file
No pyvenv.cfg file
No pyvenv.cfg file
No pyvenv.cfg file
No pyvenv.cfg file
No pyvenv.cfg file
No pyvenv.cfg file
No pyvenv.cfg file
No pyvenv.cfg file
No pyvenv.cfg file
No pyvenv.cfg file
No pyvenv.cfg file
No pyvenv.cfg file
No pyvenv.cfg file
No pyvenv.cfg file
No pyvenv.cfg file
No pyvenv.cfg file
No pyvenv.cfg file
No pyvenv.cfg file
No pyvenv.cfg file
No pyvenv.cfg file
No pyvenv.cfg file
No pyvenv.cfg file
No pyvenv.cfg file
No pyvenv.cfg file
No pyvenv.cfg file
No pyvenv.cfg file
No pyvenv.cfg file
No pyvenv.cfg file
No pyvenv.cfg file
No pyvenv.cfg file
No pyvenv.cfg file
No pyvenv.cfg file
No pyvenv.cfg file
No pyvenv.cfg file
No pyvenv.cfg file
No pyvenv.cfg file
No pyvenv.cfg file
No pyvenv.cfg file
No pyvenv.cfg file
No pyvenv.cfg file
No pyvenv.cfg file
No pyvenv.cfg file
No pyvenv.cfg file
No pyvenv.cfg file
No pyvenv.cfg file
No pyvenv.cfg file
No pyvenv.cfg file
No pyvenv.cfg file
No pyvenv.cfg file
No pyvenv.cfg file
No pyvenv.cfg file
No pyvenv.cfg file
No pyvenv.cfg file
No pyvenv.cfg file
Traceback (most recent call last):
  File "C:\projects\hypercon\run.py", line 1, in <module>
    from app import create_app
  File "C:\projects\hypercon\app\__init__.py", line 10, in <module>
    from flask import Flask, redirect, url_for, session, send_from_directory
ModuleNotFoundError: No module named 'flask'
INFO:app:Hypercon startup
INFO:waitress:Serving on http://127.0.0.1:5000
INFO:access:GET /
INFO:access:GET /auth/login
INFO:access:GET /favicon.ico
INFO:access:GET /
INFO:access:GET /auth/login
INFO:access:POST /auth/login
INFO:access:GET /materials
INFO:access:GET /auth/logout
INFO:access:GET /auth/login
INFO:access:GET /cgi-bin/luci/;stok=/locale
ERROR:app:Unhandled Exception
Traceback (most recent call last):
  File "C:\projects\hypercon\venv\Lib\site-packages\flask\app.py", line 1484, in full_dispatch_request
    rv = self.dispatch_request()
         ^^^^^^^^^^^^^^^^^^^^^^^
  File "C:\projects\hypercon\venv\Lib\site-packages\flask\app.py", line 1458, in dispatch_request
    self.raise_routing_exception(req)
  File "C:\projects\hypercon\venv\Lib\site-packages\flask\app.py", line 1440, in raise_routing_exception
    raise request.routing_exception  # type: ignore
    ^^^^^^^^^^^^^^^^^^^^^^^^^^^^^^^
  File "C:\projects\hypercon\venv\Lib\site-packages\flask\ctx.py", line 353, in match_request
    result = self.url_adapter.match(return_rule=True)  # type: ignore
             ^^^^^^^^^^^^^^^^^^^^^^^^^^^^^^^^^^^^^^^^
  File "C:\projects\hypercon\venv\Lib\site-packages\werkzeug\routing\map.py", line 629, in match
    raise NotFound() from None
werkzeug.exceptions.NotFound: 404 Not Found: The requested URL was not found on the server. If you entered the URL manually please check your spelling and try again.
ERROR:app:Exception on /cgi-bin/luci/;stok=/locale [GET]
Traceback (most recent call last):
  File "C:\projects\hypercon\venv\Lib\site-packages\flask\app.py", line 2190, in wsgi_app
    response = self.full_dispatch_request()
               ^^^^^^^^^^^^^^^^^^^^^^^^^^^^
  File "C:\projects\hypercon\venv\Lib\site-packages\flask\app.py", line 1486, in full_dispatch_request
    rv = self.handle_user_exception(e)
         ^^^^^^^^^^^^^^^^^^^^^^^^^^^^^
  File "C:\projects\hypercon\venv\Lib\site-packages\flask\app.py", line 1341, in handle_user_exception
    return self.handle_http_exception(e)
           ^^^^^^^^^^^^^^^^^^^^^^^^^^^^^
  File "C:\projects\hypercon\venv\Lib\site-packages\flask\app.py", line 1281, in handle_http_exception
    return self.ensure_sync(handler)(e)
           ^^^^^^^^^^^^^^^^^^^^^^^^^^^^
  File "C:\projects\hypercon\venv\Lib\site-packages\flask\app.py", line 1484, in full_dispatch_request
    rv = self.dispatch_request()
         ^^^^^^^^^^^^^^^^^^^^^^^
  File "C:\projects\hypercon\venv\Lib\site-packages\flask\app.py", line 1458, in dispatch_request
    self.raise_routing_exception(req)
  File "C:\projects\hypercon\venv\Lib\site-packages\flask\app.py", line 1440, in raise_routing_exception
    raise request.routing_exception  # type: ignore
    ^^^^^^^^^^^^^^^^^^^^^^^^^^^^^^^
  File "C:\projects\hypercon\venv\Lib\site-packages\flask\ctx.py", line 353, in match_request
    result = self.url_adapter.match(return_rule=True)  # type: ignore
             ^^^^^^^^^^^^^^^^^^^^^^^^^^^^^^^^^^^^^^^^
  File "C:\projects\hypercon\venv\Lib\site-packages\werkzeug\routing\map.py", line 629, in match
    raise NotFound() from None
werkzeug.exceptions.NotFound: 404 Not Found: The requested URL was not found on the server. If you entered the URL manually please check your spelling and try again.
ERROR:app:Unhandled Exception
werkzeug.exceptions.InternalServerError: 500 Internal Server Error: The server encountered an internal error and was unable to complete your request. Either the server is overloaded or there is an error in the application.
ERROR:waitress:Exception while serving /cgi-bin/luci/;stok=/locale
Traceback (most recent call last):
  File "C:\projects\hypercon\venv\Lib\site-packages\waitress\channel.py", line 428, in service
    task.service()
  File "C:\projects\hypercon\venv\Lib\site-packages\waitress\task.py", line 168, in service
    self.execute()
  File "C:\projects\hypercon\venv\Lib\site-packages\waitress\task.py", line 434, in execute
    app_iter = self.channel.server.application(environ, start_response)
               ^^^^^^^^^^^^^^^^^^^^^^^^^^^^^^^^^^^^^^^^^^^^^^^^^^^^^^^^
  File "C:\projects\hypercon\app\__init__.py", line 34, in __call__
    return self.app(environ, start_response)
           ^^^^^^^^^^^^^^^^^^^^^^^^^^^^^^^^^
  File "C:\projects\hypercon\venv\Lib\site-packages\flask\app.py", line 2213, in __call__
    return self.wsgi_app(environ, start_response)
           ^^^^^^^^^^^^^^^^^^^^^^^^^^^^^^^^^^^^^^
  File "C:\projects\hypercon\venv\Lib\site-packages\flask\app.py", line 2193, in wsgi_app
    response = self.handle_exception(e)
               ^^^^^^^^^^^^^^^^^^^^^^^^
  File "C:\projects\hypercon\venv\Lib\site-packages\flask\app.py", line 1399, in handle_exception
    server_error = self.ensure_sync(handler)(server_error)
                   ^^^^^^^^^^^^^^^^^^^^^^^^^^^^^^^^^^^^^^^
  File "C:\projects\hypercon\venv\Lib\site-packages\flask\app.py", line 2190, in wsgi_app
    response = self.full_dispatch_request()
               ^^^^^^^^^^^^^^^^^^^^^^^^^^^^
  File "C:\projects\hypercon\venv\Lib\site-packages\flask\app.py", line 1486, in full_dispatch_request
    rv = self.handle_user_exception(e)
         ^^^^^^^^^^^^^^^^^^^^^^^^^^^^^
  File "C:\projects\hypercon\venv\Lib\site-packages\flask\app.py", line 1341, in handle_user_exception
    return self.handle_http_exception(e)
           ^^^^^^^^^^^^^^^^^^^^^^^^^^^^^
  File "C:\projects\hypercon\venv\Lib\site-packages\flask\app.py", line 1281, in handle_http_exception
    return self.ensure_sync(handler)(e)
           ^^^^^^^^^^^^^^^^^^^^^^^^^^^^
  File "C:\projects\hypercon\venv\Lib\site-packages\flask\app.py", line 1484, in full_dispatch_request
    rv = self.dispatch_request()
         ^^^^^^^^^^^^^^^^^^^^^^^
  File "C:\projects\hypercon\venv\Lib\site-packages\flask\app.py", line 1458, in dispatch_request
    self.raise_routing_exception(req)
  File "C:\projects\hypercon\venv\Lib\site-packages\flask\app.py", line 1440, in raise_routing_exception
    raise request.routing_exception  # type: ignore
    ^^^^^^^^^^^^^^^^^^^^^^^^^^^^^^^
  File "C:\projects\hypercon\venv\Lib\site-packages\flask\ctx.py", line 353, in match_request
    result = self.url_adapter.match(return_rule=True)  # type: ignore
             ^^^^^^^^^^^^^^^^^^^^^^^^^^^^^^^^^^^^^^^^
  File "C:\projects\hypercon\venv\Lib\site-packages\werkzeug\routing\map.py", line 629, in match
    raise NotFound() from None
werkzeug.exceptions.NotFound: 404 Not Found: The requested URL was not found on the server. If you entered the URL manually please check your spelling and try again.
INFO:app:Hypercon startup
INFO:waitress:Serving on http://127.0.0.1:5000
